Using pre-set license
Built from '2021.1/staging' branch; Version is '2021.1.7f1 (d91830b65d9b) revision 14227504'; Using compiler version '192528614'; Build Type 'Release'
OS: 'Windows 10 Home Single Language; OS build 17134.1304; Version 1803; 64bit' Language: 'es' Physical Memory: 8055 MB
BatchMode: 1, IsHumanControllingUs: 0, StartBugReporterOnCrash: 0, Is64bit: 1, IsPro: 0

 COMMAND LINE ARGUMENTS:
D:\2021.1.7f1\Editor\Unity.exe
-adb2
-batchMode
-noUpm
-name
AssetImportWorker0
-projectPath
D:/Proyectos/Proyecto Pepsi/ProyectNoob
-logFile
Logs/AssetImportWorker0.log
-srvPort
63694
Successfully changed project path to: D:/Proyectos/Proyecto Pepsi/ProyectNoob
D:/Proyectos/Proyecto Pepsi/ProyectNoob
Using Asset Import Pipeline V2.
Refreshing native plugins compatible for Editor in 170.16 ms, found 1 plugins.
Preloading 0 native plugins for Editor in 0.00 ms.
Initialize engine version: 2021.1.7f1 (d91830b65d9b)
[Subsystems] Discovering subsystems at path D:/2021.1.7f1/Editor/Data/Resources/UnitySubsystems
[Subsystems] Discovering subsystems at path D:/Proyectos/Proyecto Pepsi/ProyectNoob/Assets
GfxDevice: creating device client; threaded=0; jobified=0
Direct3D:
    Version:  Direct3D 11.0 [level 11.1]
    Renderer: NVIDIA GeForce GTX 1050 (ID=0x1c8d)
    Vendor:   NVIDIA
    VRAM:     4019 MB
    Driver:   27.21.14.6280
Initialize mono
Mono path[0] = 'D:/2021.1.7f1/Editor/Data/Managed'
Mono path[1] = 'D:/2021.1.7f1/Editor/Data/MonoBleedingEdge/lib/mono/unityjit'
Mono config path = 'D:/2021.1.7f1/Editor/Data/MonoBleedingEdge/etc'
Using monoOptions --debugger-agent=transport=dt_socket,embedding=1,server=y,suspend=n,address=127.0.0.1:56104
Begin MonoManager ReloadAssembly
Registering precompiled unity dll's ...
Register platform support module: D:/2021.1.7f1/Editor/Data/PlaybackEngines/MacStandaloneSupport/UnityEditor.OSXStandalone.Extensions.dll
Register platform support module: D:/2021.1.7f1/Editor/Data/PlaybackEngines/WindowsStandaloneSupport/UnityEditor.WindowsStandalone.Extensions.dll
Registered in 0.004011 seconds.
Native extension for WindowsStandalone target not found
Native extension for OSXStandalone target not found
Refreshing native plugins compatible for Editor in 425.43 ms, found 1 plugins.
Preloading 0 native plugins for Editor in 0.00 ms.
Mono: successfully reloaded assembly
- Completed reload, in  2.876 seconds
Platform modules already initialized, skipping
Registering precompiled user dll's ...
Registered in 0.006202 seconds.
Begin MonoManager ReloadAssembly
Symbol file LoadedFromMemory doesn't match image D:\Proyectos\Proyecto Pepsi\ProyectNoob\Library\PackageCache\com.unity.visualscripting@1.6.1\Editor\VisualScripting.Core\Dependencies\YamlDotNet\Unity.VisualScripting.YamlDotNet.dll
Symbol file LoadedFromMemory doesn't match image D:\Proyectos\Proyecto Pepsi\ProyectNoob\Library\PackageCache\com.unity.visualscripting@1.6.1\Editor\VisualScripting.Core\Dependencies\DotNetZip\Unity.VisualScripting.IonicZip.dll
Native extension for WindowsStandalone target not found
Native extension for OSXStandalone target not found
Refreshing native plugins compatible for Editor in 220.61 ms, found 1 plugins.
Preloading 0 native plugins for Editor in 0.00 ms.
Mono: successfully reloaded assembly
- Completed reload, in  3.474 seconds
Platform modules already initialized, skipping
========================================================================
Worker process is ready to serve import requests
Launched and connected shader compiler UnityShaderCompiler.exe after 0.12 seconds
Refreshing native plugins compatible for Editor in 3.19 ms, found 1 plugins.
Preloading 0 native plugins for Editor in 0.00 ms.
Unloading 5364 Unused Serialized files (Serialized files now loaded: 0)
System memory in use before: 226.1 MB.
System memory in use after: 223.3 MB.

Unloading 46 unused Assets to reduce memory usage. Loaded Objects now: 5807.
Total: 19.386241 ms (FindLiveObjects: 0.671179 ms CreateObjectMapping: 0.635487 ms MarkObjects: 13.411271 ms  DeleteObjects: 4.665432 ms)

========================================================================
Received Import Request.
  path: Assets/Scenes/SampleScene.unity
  artifactKey: Guid(3db1837cc97a95e4c98610966fac2b0b) Importer(815301076,1909f56bfc062723c751e8b465ee728b)
Start importing Assets/Scenes/SampleScene.unity using Guid(3db1837cc97a95e4c98610966fac2b0b) Importer(815301076,1909f56bfc062723c751e8b465ee728b)  -> (artifact id: 'e19f3b8022e6199c698437ee5d0ea7ce') in 0.051862 seconds 
========================================================================
Received Import Request.
  Time since last request: 44.768647 seconds.
  path: Assets/SampleSceneAssets
  artifactKey: Guid(0608b30f8530dad4092512580c6c9daa) Importer(815301076,1909f56bfc062723c751e8b465ee728b)
Start importing Assets/SampleSceneAssets using Guid(0608b30f8530dad4092512580c6c9daa) Importer(815301076,1909f56bfc062723c751e8b465ee728b)  -> (artifact id: '2b26ac134f46cd663bc6e491eb68af77') in 0.017044 seconds 
========================================================================
Received Import Request.
  Time since last request: 1.773394 seconds.
  path: Assets/Scenes/Nico.unity
  artifactKey: Guid(e42b9445a9a60874486cd6df3ff9a22d) Importer(815301076,1909f56bfc062723c751e8b465ee728b)
Start importing Assets/Scenes/Nico.unity using Guid(e42b9445a9a60874486cd6df3ff9a22d) Importer(815301076,1909f56bfc062723c751e8b465ee728b)  -> (artifact id: '884cd55f20fd83d0a0f0558472ffacd2') in 0.016383 seconds 
========================================================================
Received Import Request.
  Time since last request: 58.176249 seconds.
  path: Assets/Materiales/TestLit.shadergraph
  artifactKey: Guid(99a91ffaa64726a498264686a7217295) Importer(815301076,1909f56bfc062723c751e8b465ee728b)
Start importing Assets/Materiales/TestLit.shadergraph using Guid(99a91ffaa64726a498264686a7217295) Importer(815301076,1909f56bfc062723c751e8b465ee728b)  -> (artifact id: 'c29d2f8ec563aff21fde17e0ab74586c') in 0.051066 seconds 
========================================================================
Received Import Request.
  Time since last request: 1007.480010 seconds.
  path: Assets/Texturas
  artifactKey: Guid(6d883e20f2b709c4d99d4e049aa401db) Importer(815301076,1909f56bfc062723c751e8b465ee728b)
Start importing Assets/Texturas using Guid(6d883e20f2b709c4d99d4e049aa401db) Importer(815301076,1909f56bfc062723c751e8b465ee728b)  -> (artifact id: 'a96930bb9225f55131c8ed1ca6b4bde0') in 0.020103 seconds 
========================================================================
Received Import Request.
  Time since last request: 5.943312 seconds.
  path: Assets/Texturas/Lava
  artifactKey: Guid(143c2de7f02968b42b5c018bf8351653) Importer(815301076,1909f56bfc062723c751e8b465ee728b)
Start importing Assets/Texturas/Lava using Guid(143c2de7f02968b42b5c018bf8351653) Importer(815301076,1909f56bfc062723c751e8b465ee728b)  -> (artifact id: '1368d3a45f8b0eb8f5e04f934b4acf49') in 0.023156 seconds 
========================================================================
Received Import Request.
  Time since last request: 19.194107 seconds.
  path: Assets/Texturas/Lava/LavaTextures.rar
  artifactKey: Guid(4499c538bb2069b4bad9d8db96c63ce4) Importer(815301076,1909f56bfc062723c751e8b465ee728b)
Start importing Assets/Texturas/Lava/LavaTextures.rar using Guid(4499c538bb2069b4bad9d8db96c63ce4) Importer(815301076,1909f56bfc062723c751e8b465ee728b)  -> (artifact id: 'bd4743ca67d82d6370007e2132758ca1') in 0.028690 seconds 
========================================================================
Received Import Request.
  Time since last request: 7.341554 seconds.
  path: Assets/Texturas/Lava/TexturesCom_Rock_Lava2_1K_height.tif
  artifactKey: Guid(5d2d69d56afff4f49b63ea695213af19) Importer(815301076,1909f56bfc062723c751e8b465ee728b)
Start importing Assets/Texturas/Lava/TexturesCom_Rock_Lava2_1K_height.tif using Guid(5d2d69d56afff4f49b63ea695213af19) Importer(815301076,1909f56bfc062723c751e8b465ee728b)  -> (artifact id: '2db2c2c272e5871a81783fc7d2394e62') in 0.097101 seconds 
========================================================================
Received Import Request.
  Time since last request: 0.000277 seconds.
  path: Assets/Texturas/Lava/TexturesCom_Rock_Lava_1K_height.tif
  artifactKey: Guid(18787ae7d3e8ff3428ae61e0ce725212) Importer(815301076,1909f56bfc062723c751e8b465ee728b)
Start importing Assets/Texturas/Lava/TexturesCom_Rock_Lava_1K_height.tif using Guid(18787ae7d3e8ff3428ae61e0ce725212) Importer(815301076,1909f56bfc062723c751e8b465ee728b)  -> (artifact id: '8541a950355feac2f526521ec8fef861') in 0.047119 seconds 
========================================================================
Received Import Request.
  Time since last request: 0.000242 seconds.
  path: Assets/Texturas/Lava/TexturesCom_Rock_Lava2_1K_normal.tif
  artifactKey: Guid(2517d9e211cb6a54ba445e0c0c8279b9) Importer(815301076,1909f56bfc062723c751e8b465ee728b)
Start importing Assets/Texturas/Lava/TexturesCom_Rock_Lava2_1K_normal.tif using Guid(2517d9e211cb6a54ba445e0c0c8279b9) Importer(815301076,1909f56bfc062723c751e8b465ee728b)  -> (artifact id: 'e2adde9b5979772a50161976e2f5c0a8') in 0.033810 seconds 
========================================================================
Received Import Request.
  Time since last request: 0.000345 seconds.
  path: Assets/Texturas/Lava/TexturesCom_Rock_Lava_1K_normal.tif
  artifactKey: Guid(a4cc870587cdbce448f169660ba09ae8) Importer(815301076,1909f56bfc062723c751e8b465ee728b)
Start importing Assets/Texturas/Lava/TexturesCom_Rock_Lava_1K_normal.tif using Guid(a4cc870587cdbce448f169660ba09ae8) Importer(815301076,1909f56bfc062723c751e8b465ee728b)  -> (artifact id: '5e2454b3e9057f03c3f250f4da4b96f7') in 0.042528 seconds 
