Using pre-set license
Built from '2021.1/staging' branch; Version is '2021.1.7f1 (d91830b65d9b) revision 14227504'; Using compiler version '192528614'; Build Type 'Release'
OS: 'Windows 10 Home Single Language; OS build 19043.1165; Version 2009; 64bit' Language: 'es' Physical Memory: 8074 MB
BatchMode: 1, IsHumanControllingUs: 0, StartBugReporterOnCrash: 0, Is64bit: 1, IsPro: 0

 COMMAND LINE ARGUMENTS:
C:\Program Files\Unity\Hub\Editor\2021.1.7f1\Editor\Unity.exe
-adb2
-batchMode
-noUpm
-name
AssetImportWorker11
-projectPath
C:/Users/franc/Desktop/ProyectNoobGame2
-logFile
Logs/AssetImportWorker11.log
-srvPort
60954
Successfully changed project path to: C:/Users/franc/Desktop/ProyectNoobGame2
C:/Users/franc/Desktop/ProyectNoobGame2
Using Asset Import Pipeline V2.
Refreshing native plugins compatible for Editor in 169.21 ms, found 1 plugins.
Preloading 0 native plugins for Editor in 0.00 ms.
Initialize engine version: 2021.1.7f1 (d91830b65d9b)
[Subsystems] Discovering subsystems at path C:/Program Files/Unity/Hub/Editor/2021.1.7f1/Editor/Data/Resources/UnitySubsystems
[Subsystems] Discovering subsystems at path C:/Users/franc/Desktop/ProyectNoobGame2/Assets
GfxDevice: creating device client; threaded=0; jobified=0
Direct3D:
    Version:  Direct3D 11.0 [level 11.1]
    Renderer: NVIDIA GeForce GTX 1050 (ID=0x1c8d)
    Vendor:   NVIDIA
    VRAM:     4019 MB
Initialize mono
Mono path[0] = 'C:/Program Files/Unity/Hub/Editor/2021.1.7f1/Editor/Data/Managed'
Mono path[1] = 'C:/Program Files/Unity/Hub/Editor/2021.1.7f1/Editor/Data/MonoBleedingEdge/lib/mono/unityjit'
Mono config path = 'C:/Program Files/Unity/Hub/Editor/2021.1.7f1/Editor/Data/MonoBleedingEdge/etc'
Using monoOptions --debugger-agent=transport=dt_socket,embedding=1,server=y,suspend=n,address=127.0.0.1:56556
Begin MonoManager ReloadAssembly
Registering precompiled unity dll's ...
Register platform support module: C:/Program Files/Unity/Hub/Editor/2021.1.7f1/Editor/Data/PlaybackEngines/WindowsStandaloneSupport/UnityEditor.WindowsStandalone.Extensions.dll
Registered in 0.003134 seconds.
Native extension for WindowsStandalone target not found
Refreshing native plugins compatible for Editor in 186.01 ms, found 1 plugins.
Preloading 0 native plugins for Editor in 0.00 ms.
Mono: successfully reloaded assembly
- Completed reload, in  1.692 seconds
Platform modules already initialized, skipping
Registering precompiled user dll's ...
Registered in 0.005343 seconds.
Begin MonoManager ReloadAssembly
Symbol file LoadedFromMemory doesn't match image C:\Users\franc\Desktop\ProyectNoobGame2\Library\PackageCache\com.unity.visualscripting@1.6.1\Editor\VisualScripting.Core\Dependencies\YamlDotNet\Unity.VisualScripting.YamlDotNet.dll
Symbol file LoadedFromMemory doesn't match image C:\Users\franc\Desktop\ProyectNoobGame2\Library\PackageCache\com.unity.visualscripting@1.6.1\Editor\VisualScripting.Core\Dependencies\DotNetZip\Unity.VisualScripting.IonicZip.dll
Native extension for WindowsStandalone target not found
Refreshing native plugins compatible for Editor in 184.00 ms, found 1 plugins.
Preloading 0 native plugins for Editor in 0.00 ms.
Mono: successfully reloaded assembly
- Completed reload, in  8.961 seconds
Platform modules already initialized, skipping
========================================================================
Worker process is ready to serve import requests
Launched and connected shader compiler UnityShaderCompiler.exe after 0.69 seconds
Refreshing native plugins compatible for Editor in 1.63 ms, found 1 plugins.
Preloading 0 native plugins for Editor in 0.00 ms.
Unloading 5363 Unused Serialized files (Serialized files now loaded: 0)
System memory in use before: 224.0 MB.
System memory in use after: 224.4 MB.

Unloading 16 unused Assets to reduce memory usage. Loaded Objects now: 5836.
Total: 720.686800 ms (FindLiveObjects: 0.489800 ms CreateObjectMapping: 0.348400 ms MarkObjects: 637.153500 ms  DeleteObjects: 82.692800 ms)

========================================================================
Received Import Request.
  path: Assets/Fran 1/Script/Disparo.cs
  artifactKey: Guid(c43ffb672ce0aca4aa65de38201c4e0e) Importer(815301076,1909f56bfc062723c751e8b465ee728b)
Start importing Assets/Fran 1/Script/Disparo.cs using Guid(c43ffb672ce0aca4aa65de38201c4e0e) Importer(815301076,1909f56bfc062723c751e8b465ee728b)  -> (artifact id: '7f686e788580c7584435fa017720e6fb') in 1.096858 seconds 
========================================================================
Received Import Request.
  Time since last request: 0.006199 seconds.
  path: Assets/Fran 1/jefe_anillo.fbx
  artifactKey: Guid(3aae6c26bd36eec47aa9af3203e6c21f) Importer(815301076,1909f56bfc062723c751e8b465ee728b)
Start importing Assets/Fran 1/jefe_anillo.fbx using Guid(3aae6c26bd36eec47aa9af3203e6c21f) Importer(815301076,1909f56bfc062723c751e8b465ee728b) Launched and connected shader compiler UnityShaderCompiler.exe after 1.91 seconds
Launched and connected shader compiler UnityShaderCompiler.exe after 0.10 seconds
Launched and connected shader compiler UnityShaderCompiler.exe after 0.10 seconds
 -> (artifact id: 'c1381b49a0605a350a2ec6215e9a6729') in 22.585262 seconds 
========================================================================
Received Import Request.
  Time since last request: 0.000477 seconds.
  path: Assets/Fran 1
  artifactKey: Guid(0c8578ebdb9e2794c9a328d9fcd42190) Importer(815301076,1909f56bfc062723c751e8b465ee728b)
Start importing Assets/Fran 1 using Guid(0c8578ebdb9e2794c9a328d9fcd42190) Importer(815301076,1909f56bfc062723c751e8b465ee728b)  -> (artifact id: '1d56b84f11ad26eb46413832b7c1548a') in 0.004605 seconds 
========================================================================
Received Import Request.
  Time since last request: 0.000661 seconds.
  path: Assets/Fran 1/Script
  artifactKey: Guid(dc97b236c713efa49b0cfc93e2d2c34e) Importer(815301076,1909f56bfc062723c751e8b465ee728b)
Start importing Assets/Fran 1/Script using Guid(dc97b236c713efa49b0cfc93e2d2c34e) Importer(815301076,1909f56bfc062723c751e8b465ee728b)  -> (artifact id: 'e482d4948d20e2110b636a5812e63197') in 0.031064 seconds 
========================================================================
Received Prepare
Registering precompiled user dll's ...
Registered in 0.052947 seconds.
Begin MonoManager ReloadAssembly
Symbol file LoadedFromMemory doesn't match image C:\Users\franc\Desktop\ProyectNoobGame2\Library\PackageCache\com.unity.visualscripting@1.6.1\Editor\VisualScripting.Core\Dependencies\YamlDotNet\Unity.VisualScripting.YamlDotNet.dll
Symbol file LoadedFromMemory doesn't match image C:\Users\franc\Desktop\ProyectNoobGame2\Library\PackageCache\com.unity.visualscripting@1.6.1\Editor\VisualScripting.Core\Dependencies\DotNetZip\Unity.VisualScripting.IonicZip.dll
Native extension for WindowsStandalone target not found
Refreshing native plugins compatible for Editor in 1.23 ms, found 1 plugins.
Preloading 0 native plugins for Editor in 0.00 ms.
Mono: successfully reloaded assembly
- Completed reload, in  8.981 seconds
Platform modules already initialized, skipping
Refreshing native plugins compatible for Editor in 12.90 ms, found 1 plugins.
Preloading 0 native plugins for Editor in 0.00 ms.
Unloading 5095 Unused Serialized files (Serialized files now loaded: 0)
System memory in use before: 221.6 MB.
System memory in use after: 222.1 MB.

Unloading 9 unused Assets to reduce memory usage. Loaded Objects now: 6010.
Total: 42.379800 ms (FindLiveObjects: 3.407100 ms CreateObjectMapping: 3.100900 ms MarkObjects: 35.834200 ms  DeleteObjects: 0.034700 ms)

========================================================================
Received Prepare
Registering precompiled user dll's ...
Registered in 0.007944 seconds.
Begin MonoManager ReloadAssembly
Symbol file LoadedFromMemory doesn't match image C:\Users\franc\Desktop\ProyectNoobGame2\Library\PackageCache\com.unity.visualscripting@1.6.1\Editor\VisualScripting.Core\Dependencies\YamlDotNet\Unity.VisualScripting.YamlDotNet.dll
Symbol file LoadedFromMemory doesn't match image C:\Users\franc\Desktop\ProyectNoobGame2\Library\PackageCache\com.unity.visualscripting@1.6.1\Editor\VisualScripting.Core\Dependencies\DotNetZip\Unity.VisualScripting.IonicZip.dll
Native extension for WindowsStandalone target not found
Refreshing native plugins compatible for Editor in 1.47 ms, found 1 plugins.
Preloading 0 native plugins for Editor in 0.00 ms.
Mono: successfully reloaded assembly
- Completed reload, in  2.196 seconds
Platform modules already initialized, skipping
Refreshing native plugins compatible for Editor in 3.88 ms, found 1 plugins.
Preloading 0 native plugins for Editor in 0.00 ms.
Unloading 5083 Unused Serialized files (Serialized files now loaded: 0)
System memory in use before: 221.1 MB.
System memory in use after: 221.5 MB.

Unloading 9 unused Assets to reduce memory usage. Loaded Objects now: 6013.
Total: 7.831100 ms (FindLiveObjects: 0.633600 ms CreateObjectMapping: 1.338600 ms MarkObjects: 5.826100 ms  DeleteObjects: 0.031000 ms)

========================================================================
Received Prepare
Registering precompiled user dll's ...
Registered in 0.015859 seconds.
Begin MonoManager ReloadAssembly
Symbol file LoadedFromMemory doesn't match image C:\Users\franc\Desktop\ProyectNoobGame2\Library\PackageCache\com.unity.visualscripting@1.6.1\Editor\VisualScripting.Core\Dependencies\YamlDotNet\Unity.VisualScripting.YamlDotNet.dll
Symbol file LoadedFromMemory doesn't match image C:\Users\franc\Desktop\ProyectNoobGame2\Library\PackageCache\com.unity.visualscripting@1.6.1\Editor\VisualScripting.Core\Dependencies\DotNetZip\Unity.VisualScripting.IonicZip.dll
Native extension for WindowsStandalone target not found
Refreshing native plugins compatible for Editor in 5.31 ms, found 1 plugins.
Preloading 0 native plugins for Editor in 0.00 ms.
Mono: successfully reloaded assembly
- Completed reload, in  7.050 seconds
Platform modules already initialized, skipping
Refreshing native plugins compatible for Editor in 1.48 ms, found 1 plugins.
Preloading 0 native plugins for Editor in 0.00 ms.
Unloading 5083 Unused Serialized files (Serialized files now loaded: 0)
System memory in use before: 220.9 MB.
System memory in use after: 221.4 MB.

Unloading 9 unused Assets to reduce memory usage. Loaded Objects now: 6016.
Total: 5.293200 ms (FindLiveObjects: 0.612100 ms CreateObjectMapping: 0.491700 ms MarkObjects: 4.160200 ms  DeleteObjects: 0.027700 ms)

========================================================================
Received Import Request.
  Time since last request: 659.509035 seconds.
  path: Assets/modelos
  artifactKey: Guid(614587ea718eb0446b74d93e7d5595bb) Importer(815301076,1909f56bfc062723c751e8b465ee728b)
Start importing Assets/modelos using Guid(614587ea718eb0446b74d93e7d5595bb) Importer(815301076,1909f56bfc062723c751e8b465ee728b)  -> (artifact id: 'defe6813fa9de9e54d10008388f8ee29') in 0.022226 seconds 
========================================================================
Received Import Request.
  Time since last request: 0.000294 seconds.
  path: Assets/modelos/Niebla falda01.fbx
  artifactKey: Guid(c298a3b135036394fabf642aafb13e4a) Importer(815301076,1909f56bfc062723c751e8b465ee728b)
Start importing Assets/modelos/Niebla falda01.fbx using Guid(c298a3b135036394fabf642aafb13e4a) Importer(815301076,1909f56bfc062723c751e8b465ee728b)  -> (artifact id: '845c70ead864ee9ef0a65f3dd3772cfb') in 1.352140 seconds 
========================================================================
Received Import Request.
  Time since last request: 0.000305 seconds.
  path: Assets/modelos/PoderRango.fbx
  artifactKey: Guid(3647cc1c83841fa41892b3c859ddbf49) Importer(815301076,1909f56bfc062723c751e8b465ee728b)
Start importing Assets/modelos/PoderRango.fbx using Guid(3647cc1c83841fa41892b3c859ddbf49) Importer(815301076,1909f56bfc062723c751e8b465ee728b)  -> (artifact id: 'bedcd0718e430155072df3bec948fc21') in 0.212697 seconds 
========================================================================
Received Prepare
Registering precompiled user dll's ...
Registered in 0.029983 seconds.
Begin MonoManager ReloadAssembly
Symbol file LoadedFromMemory doesn't match image C:\Users\franc\Desktop\ProyectNoobGame2\Library\PackageCache\com.unity.visualscripting@1.6.1\Editor\VisualScripting.Core\Dependencies\YamlDotNet\Unity.VisualScripting.YamlDotNet.dll
Symbol file LoadedFromMemory doesn't match image C:\Users\franc\Desktop\ProyectNoobGame2\Library\PackageCache\com.unity.visualscripting@1.6.1\Editor\VisualScripting.Core\Dependencies\DotNetZip\Unity.VisualScripting.IonicZip.dll
Native extension for WindowsStandalone target not found
Refreshing native plugins compatible for Editor in 1.95 ms, found 1 plugins.
Preloading 0 native plugins for Editor in 0.00 ms.
Mono: successfully reloaded assembly
- Completed reload, in  3.055 seconds
Platform modules already initialized, skipping
Refreshing native plugins compatible for Editor in 1.98 ms, found 1 plugins.
Preloading 0 native plugins for Editor in 0.00 ms.
Unloading 5083 Unused Serialized files (Serialized files now loaded: 0)
System memory in use before: 221.2 MB.
System memory in use after: 221.7 MB.

Unloading 9 unused Assets to reduce memory usage. Loaded Objects now: 6122.
Total: 17.555900 ms (FindLiveObjects: 0.632400 ms CreateObjectMapping: 0.544800 ms MarkObjects: 16.340900 ms  DeleteObjects: 0.035600 ms)

========================================================================
Received Import Request.
  Time since last request: 325.366815 seconds.
  path: Assets/Fran 1/proyectil Variant.prefab
  artifactKey: Guid(40368249e9c899144b6e08775d9e24c5) Importer(815301076,1909f56bfc062723c751e8b465ee728b)
Start importing Assets/Fran 1/proyectil Variant.prefab using Guid(40368249e9c899144b6e08775d9e24c5) Importer(815301076,1909f56bfc062723c751e8b465ee728b)  -> (artifact id: 'b550b05b0e82fb32e36dc199f638acaa') in 2.468924 seconds 
========================================================================
Received Prepare
Registering precompiled user dll's ...
Registered in 0.007355 seconds.
Begin MonoManager ReloadAssembly
Symbol file LoadedFromMemory doesn't match image C:\Users\franc\Desktop\ProyectNoobGame2\Library\PackageCache\com.unity.visualscripting@1.6.1\Editor\VisualScripting.Core\Dependencies\YamlDotNet\Unity.VisualScripting.YamlDotNet.dll
Symbol file LoadedFromMemory doesn't match image C:\Users\franc\Desktop\ProyectNoobGame2\Library\PackageCache\com.unity.visualscripting@1.6.1\Editor\VisualScripting.Core\Dependencies\DotNetZip\Unity.VisualScripting.IonicZip.dll
Native extension for WindowsStandalone target not found
Refreshing native plugins compatible for Editor in 2.31 ms, found 1 plugins.
Preloading 0 native plugins for Editor in 0.00 ms.
Mono: successfully reloaded assembly
- Completed reload, in  2.879 seconds
Platform modules already initialized, skipping
Refreshing native plugins compatible for Editor in 2.56 ms, found 1 plugins.
Preloading 0 native plugins for Editor in 0.00 ms.
Unloading 5083 Unused Serialized files (Serialized files now loaded: 0)
System memory in use before: 221.4 MB.
System memory in use after: 221.8 MB.

Unloading 9 unused Assets to reduce memory usage. Loaded Objects now: 6228.
Total: 15.664100 ms (FindLiveObjects: 1.611700 ms CreateObjectMapping: 1.639400 ms MarkObjects: 12.374700 ms  DeleteObjects: 0.036300 ms)

========================================================================
Received Prepare
Registering precompiled user dll's ...
Registered in 0.009655 seconds.
Begin MonoManager ReloadAssembly
Symbol file LoadedFromMemory doesn't match image C:\Users\franc\Desktop\ProyectNoobGame2\Library\PackageCache\com.unity.visualscripting@1.6.1\Editor\VisualScripting.Core\Dependencies\YamlDotNet\Unity.VisualScripting.YamlDotNet.dll
Symbol file LoadedFromMemory doesn't match image C:\Users\franc\Desktop\ProyectNoobGame2\Library\PackageCache\com.unity.visualscripting@1.6.1\Editor\VisualScripting.Core\Dependencies\DotNetZip\Unity.VisualScripting.IonicZip.dll
Native extension for WindowsStandalone target not found
Refreshing native plugins compatible for Editor in 2.18 ms, found 1 plugins.
Preloading 0 native plugins for Editor in 0.00 ms.
Mono: successfully reloaded assembly
- Completed reload, in  5.764 seconds
Platform modules already initialized, skipping
Refreshing native plugins compatible for Editor in 1.05 ms, found 1 plugins.
Preloading 0 native plugins for Editor in 0.00 ms.
Unloading 5083 Unused Serialized files (Serialized files now loaded: 0)
System memory in use before: 221.4 MB.
System memory in use after: 221.8 MB.

Unloading 9 unused Assets to reduce memory usage. Loaded Objects now: 6231.
Total: 7.155100 ms (FindLiveObjects: 1.527500 ms CreateObjectMapping: 1.050600 ms MarkObjects: 4.473700 ms  DeleteObjects: 0.101100 ms)

========================================================================
Received Prepare
Registering precompiled user dll's ...
Registered in 0.005325 seconds.
Begin MonoManager ReloadAssembly
Symbol file LoadedFromMemory doesn't match image C:\Users\franc\Desktop\ProyectNoobGame2\Library\PackageCache\com.unity.visualscripting@1.6.1\Editor\VisualScripting.Core\Dependencies\YamlDotNet\Unity.VisualScripting.YamlDotNet.dll
Symbol file LoadedFromMemory doesn't match image C:\Users\franc\Desktop\ProyectNoobGame2\Library\PackageCache\com.unity.visualscripting@1.6.1\Editor\VisualScripting.Core\Dependencies\DotNetZip\Unity.VisualScripting.IonicZip.dll
Native extension for WindowsStandalone target not found
Refreshing native plugins compatible for Editor in 1.10 ms, found 1 plugins.
Preloading 0 native plugins for Editor in 0.00 ms.
Mono: successfully reloaded assembly
- Completed reload, in  1.877 seconds
Platform modules already initialized, skipping
Refreshing native plugins compatible for Editor in 1.10 ms, found 1 plugins.
Preloading 0 native plugins for Editor in 0.00 ms.
Unloading 5083 Unused Serialized files (Serialized files now loaded: 0)
System memory in use before: 221.2 MB.
System memory in use after: 221.7 MB.

Unloading 9 unused Assets to reduce memory usage. Loaded Objects now: 6234.
Total: 4.810100 ms (FindLiveObjects: 0.584000 ms CreateObjectMapping: 0.424300 ms MarkObjects: 3.774400 ms  DeleteObjects: 0.025200 ms)

AssetImportWorkerClient::OnTransportError - code=2 error=End of file
